<?xml version="1.0" encoding="UTF-8"?>
<!-- Generated by org.testng.reporters.JUnitReportReporter -->
<testsuite hostname="DESKTOP-CODLMV7" failures="0" tests="2" name="com.hybrid.LoginPageTest" time="3.566" errors="0" timestamp="2024-03-21T08:01:11 IST" skipped="0">
  <testcase classname="com.hybrid.LoginPageTest" name="adminLogin" time="3.541"/>
  <system-out/>
  <testcase classname="com.hybrid.LoginPageTest" name="testTitle" time="0.025"/>
  <system-out/>
</testsuite> <!-- com.hybrid.LoginPageTest -->
